<?xml version="1.0" encoding="UTF-8"?>
<testsuite xmlns:xsi="http://www.w3.org/2001/XMLSchema-instance" xsi:noNamespaceSchemaLocation="https://maven.apache.org/surefire/maven-surefire-plugin/xsd/surefire-test-report-3.0.xsd" version="3.0" name="com.github.jurisliepins.BEncodeTests" time="0.028" tests="31" errors="0" skipped="0" failures="0">
  <properties>
[...]
</properties>
  <testcase name="shouldEncodeDecodeList" classname="com.github.jurisliepins.BEncodeTests" time="0.002"/>
  <testcase name="shouldDecodeEncodeNegativeInteger" classname="com.github.jurisliepins.BEncodeTests" time="0.0"/>
  <testcase name="shouldDecodeEncodeDictionary" classname="com.github.jurisliepins.BEncodeTests" time="0.0"/>
  <testcase name="shouldThrowWhenDecodingCorruptDictionary" classname="com.github.jurisliepins.BEncodeTests" time="0.0"/>
  <testcase name="shouldEncodeDecodeEmptyDictionary" classname="com.github.jurisliepins.BEncodeTests" time="0.0"/>
  <testcase name="shouldThrowWhenDecodingCorruptString" classname="com.github.jurisliepins.BEncodeTests" time="0.005"/>
  <testcase name="shouldEncodeDecodeNegativeInteger" classname="com.github.jurisliepins.BEncodeTests" time="0.0"/>
  <testcase name="shouldDecodeEncodeList" classname="com.github.jurisliepins.BEncodeTests" time="0.001"/>
  <testcase name="shouldEncodeDecodeStackedList" classname="com.github.jurisliepins.BEncodeTests" time="0.0"/>
  <testcase name="shouldEncodeDecodeUtf8String" classname="com.github.jurisliepins.BEncodeTests" time="0.001"/>
  <testcase name="shouldEncodeDecodeStackedDictionary" classname="com.github.jurisliepins.BEncodeTests" time="0.0"/>
  <testcase name="shouldDecodeEncodeUtf8String" classname="com.github.jurisliepins.BEncodeTests" time="0.0"/>
  <testcase name="shouldDecodeEncodeString" classname="com.github.jurisliepins.BEncodeTests" time="0.001"/>
  <testcase name="shouldDecodeEncodeStackedList" classname="com.github.jurisliepins.BEncodeTests" time="0.0"/>
  <testcase name="shouldEncodeDecodeInteger" classname="com.github.jurisliepins.BEncodeTests" time="0.001"/>
  <testcase name="shouldDecodeEncodeStackedDictionary" classname="com.github.jurisliepins.BEncodeTests" time="0.0"/>
  <testcase name="shouldThrowWhenDecodingCorruptData" classname="com.github.jurisliepins.BEncodeTests" time="0.001"/>
  <testcase name="shouldThrowWhenDecodingCorruptList" classname="com.github.jurisliepins.BEncodeTests" time="0.001"/>
  <testcase name="shouldThrowWhenDecodingCorruptInteger" classname="com.github.jurisliepins.BEncodeTests" time="0.0"/>
  <testcase name="shouldEncodeDecodeString" classname="com.github.jurisliepins.BEncodeTests" time="0.0"/>
  <testcase name="shouldEncodeDecodeZeroInteger" classname="com.github.jurisliepins.BEncodeTests" time="0.001"/>
  <testcase name="shouldEncodeDecodeEmptyList" classname="com.github.jurisliepins.BEncodeTests" time="0.0"/>
  <testcase name="shouldEncodeDecodeEmptyString" classname="com.github.jurisliepins.BEncodeTests" time="0.0"/>
  <testcase name="shouldDecodeEncodeEmptyList" classname="com.github.jurisliepins.BEncodeTests" time="0.001"/>
  <testcase name="shouldDecodeEncodeInteger" classname="com.github.jurisliepins.BEncodeTests" time="0.0"/>
  <testcase name="shouldEncodeDecodeDictionary" classname="com.github.jurisliepins.BEncodeTests" time="0.0"/>
  <testcase name="shouldDecodeEncodeZeroInteger" classname="com.github.jurisliepins.BEncodeTests" time="0.0"/>
  <testcase name="shouldEncodeDecodeSortedDictionary" classname="com.github.jurisliepins.BEncodeTests" time="0.0"/>
  <testcase name="shouldDecodeEncodeSortedDictionary" classname="com.github.jurisliepins.BEncodeTests" time="0.001"/>
  <testcase name="shouldDecodeEncodeEmptyDictionary" classname="com.github.jurisliepins.BEncodeTests" time="0.001"/>
  <testcase name="shouldDecodeEncodeEmptyString" classname="com.github.jurisliepins.BEncodeTests" time="0.0"/>
</testsuite>